Arguments: 
  C:\Program Files\nodejs\node.exe C:\Users\alejo\AppData\Roaming\npm\node_modules\yarn\bin\yarn.js start

PATH: 
  C:\Program Files\Git\mingw64\bin;C:\Program Files\Git\usr\bin;C:\Users\alejo\bin;C:\Python27;C:\Python27\Scripts;C:\Program Files (x86)\Common Files\Oracle\Java\javapath;C:\ProgramData\Oracle\Java\javapath;C:\WINDOWS\system32;C:\WINDOWS;C:\WINDOWS\System32\Wbem;C:\WINDOWS\System32\WindowsPowerShell\v1.0;C:\WINDOWS\System32\OpenSSH;C:\Program Files\dotnet;C:\Program Files\Microsoft SQL Server\130\Tools\Binn;C:\Program Files\Microsoft VS Code\bin;C:\ProgramData\chocolatey\bin;C:\Users\alejo\AppData\Roaming\nvm;C:\Program Files\nodejs;C:\Go\bin;C:\Users\alejo\AppData\Local\Programs\Python\Python37-32\Scripts;C:\Users\alejo\AppData\Local\Programs\Python\Python37-32;C:\Users\alejo\AppData\Local\Programs\Python\Python36-32\Scripts;C:\Users\alejo\AppData\Local\Programs\Python\Python36-32;C:\Users\alejo\AppData\Local\Microsoft\WindowsApps;C:\Program Files\Microsoft VS Code\bin;C:\Users\alejo\AppData\Roaming\Dashlane\6.0.2.11187\bin\Firefox_Extension\{442718d9-475e-452a-b3e1-fb1ee16b8e9f}\components;C:\Users\alejo\AppData\Roaming\Dashlane\6.0.2.11187\ucrt;C:\Users\alejo\AppData\Roaming\Dashlane\6.0.2.11187\bin\Qt;C:\Users\alejo\AppData\Roaming\Dashlane\6.0.2.11187\ucrt;C:\Users\alejo\AppData\Roaming\Dashlane\6.0.2.11187\bin\Ssl;C:\Users\alejo\AppData\Roaming\npm;C:\Users\alejo\AppData\Roaming\nvm;C:\Program Files\nodejs;C:\Users\alejo\go\bin

Yarn version: 
  1.5.1

Node version: 
  10.15.1

Platform: 
  win32 x64

npm manifest: 
  No manifest

yarn manifest: 
  No manifest

Lockfile: 
  No lockfile

Trace: 
  Error: Couldn't find a package.json file in "C:\\Users\\alejo\\OneDrive\\Documents\\github\\alejogs4\\ecommerce-react"
      at new MessageError (C:\Users\alejo\AppData\Roaming\npm\node_modules\yarn\lib\cli.js:186:110)
      at C:\Users\alejo\AppData\Roaming\npm\node_modules\yarn\lib\cli.js:40048:15
      at Generator.next (<anonymous>)
      at step (C:\Users\alejo\AppData\Roaming\npm\node_modules\yarn\lib\cli.js:98:30)
      at C:\Users\alejo\AppData\Roaming\npm\node_modules\yarn\lib\cli.js:109:13
